*********************************************************************
* LD Score Regression (LDSC)
* Version 1.0.0
* (C) 2014-2015 Brendan Bulik-Sullivan and Hilary Finucane
* Broad Institute of MIT and Harvard / MIT Department of Mathematics
* GNU General Public License v3
*********************************************************************
Call: 
./ldsc.py \
--print-snps list.txt \
--ld-wind-cm 1.0 \
--out LDscore.14 \
--bfile ../plink_files/1000G.EUR.QC.14 \
--l2  

Beginning analysis at Wed Apr 27 10:40:11 2016
Read list of 324698 SNPs from ../plink_files/1000G.EUR.QC.14.bim
Read list of 489 individuals from ../plink_files/1000G.EUR.QC.14.fam
Reading genotypes from ../plink_files/1000G.EUR.QC.14.bed
Estimating LD Score.
Reading list of 1217311 SNPs for which to print LD Scores from list.txt
After merging with --print-snps, LD Scores for 39484 SNPs will be printed.
Writing LD Scores for 39484 SNPs to LDscore.14.l2.ldscore.gz

Summary of LD Scores in LDscore.14.l2.ldscore.gz
        MAF        L2
mean  0.232   119.368
std   0.142   128.972
min   0.005    -1.011
25%   0.107    47.511
50%   0.220    84.468
75%   0.351   147.847
max   0.500  1349.604

MAF/LD Score Correlation Matrix
       MAF     L2
MAF  1.000  0.071
L2   0.071  1.000
Analysis finished at Wed Apr 27 10:45:37 2016
Total time elapsed: 5.0m:26.16s
