*********************************************************************
* LD Score Regression (LDSC)
* Version 1.0.0
* (C) 2014-2015 Brendan Bulik-Sullivan and Hilary Finucane
* Broad Institute of MIT and Harvard / MIT Department of Mathematics
* GNU General Public License v3
*********************************************************************
Call: 
./ldsc.py \
--print-snps list.txt \
--ld-wind-cm 1.0 \
--out LDscore.2 \
--bfile ../plink_files/1000G.EUR.QC.2 \
--l2  

Beginning analysis at Wed Apr 27 10:39:59 2016
Read list of 839590 SNPs from ../plink_files/1000G.EUR.QC.2.bim
Read list of 489 individuals from ../plink_files/1000G.EUR.QC.2.fam
Reading genotypes from ../plink_files/1000G.EUR.QC.2.bed
Estimating LD Score.
Reading list of 1217311 SNPs for which to print LD Scores from list.txt
After merging with --print-snps, LD Scores for 99735 SNPs will be printed.
Writing LD Scores for 99735 SNPs to LDscore.2.l2.ldscore.gz

Summary of LD Scores in LDscore.2.l2.ldscore.gz
        MAF       L2
mean  0.238  126.834
std   0.143   95.276
min   0.005   -1.251
25%   0.112   60.260
50%   0.229  100.498
75%   0.362  164.640
max   0.500  663.746

MAF/LD Score Correlation Matrix
       MAF     L2
MAF  1.000  0.185
L2   0.185  1.000
Analysis finished at Wed Apr 27 10:54:52 2016
Total time elapsed: 14.0m:53.32s
