*********************************************************************
* LD Score Regression (LDSC)
* Version 1.0.0
* (C) 2014-2015 Brendan Bulik-Sullivan and Hilary Finucane
* Broad Institute of MIT and Harvard / MIT Department of Mathematics
* GNU General Public License v3
*********************************************************************
Call: 
./ldsc.py \
--print-snps list.txt \
--ld-wind-cm 1.0 \
--out LDscore.21 \
--bfile ../plink_files/1000G.EUR.QC.21 \
--l2  

Beginning analysis at Wed Apr 27 10:40:35 2016
Read list of 138712 SNPs from ../plink_files/1000G.EUR.QC.21.bim
Read list of 489 individuals from ../plink_files/1000G.EUR.QC.21.fam
Reading genotypes from ../plink_files/1000G.EUR.QC.21.bed
Estimating LD Score.
Reading list of 1217311 SNPs for which to print LD Scores from list.txt
After merging with --print-snps, LD Scores for 17040 SNPs will be printed.
Writing LD Scores for 17040 SNPs to LDscore.21.l2.ldscore.gz

Summary of LD Scores in LDscore.21.l2.ldscore.gz
        MAF       L2
mean  0.242   91.234
std   0.141   68.687
min   0.005    0.280
25%   0.119   42.329
50%   0.232   73.205
75%   0.365  120.303
max   0.500  475.621

MAF/LD Score Correlation Matrix
       MAF     L2
MAF  1.000  0.199
L2   0.199  1.000
Analysis finished at Wed Apr 27 10:42:26 2016
Total time elapsed: 1.0m:50.99s
