*********************************************************************
* LD Score Regression (LDSC)
* Version 1.0.0
* (C) 2014-2015 Brendan Bulik-Sullivan and Hilary Finucane
* Broad Institute of MIT and Harvard / MIT Department of Mathematics
* GNU General Public License v3
*********************************************************************
Call: 
./ldsc.py \
--print-snps list.txt \
--ld-wind-cm 1.0 \
--out LDscore.16 \
--bfile ../plink_files/1000G.EUR.QC.16 \
--l2  

Beginning analysis at Wed Apr 27 10:40:23 2016
Read list of 316981 SNPs from ../plink_files/1000G.EUR.QC.16.bim
Read list of 489 individuals from ../plink_files/1000G.EUR.QC.16.fam
Reading genotypes from ../plink_files/1000G.EUR.QC.16.bed
Estimating LD Score.
Reading list of 1217311 SNPs for which to print LD Scores from list.txt
After merging with --print-snps, LD Scores for 36526 SNPs will be printed.
Writing LD Scores for 36526 SNPs to LDscore.16.l2.ldscore.gz

Summary of LD Scores in LDscore.16.l2.ldscore.gz
        MAF        L2
mean  0.239    96.517
std   0.143    81.839
min   0.005    -2.385
25%   0.115    43.745
50%   0.231    72.978
75%   0.360   122.252
max   0.500  1858.765

MAF/LD Score Correlation Matrix
       MAF     L2
MAF  1.000  0.106
L2   0.106  1.000
Analysis finished at Wed Apr 27 10:45:18 2016
Total time elapsed: 4.0m:55.71s
