*********************************************************************
* LD Score Regression (LDSC)
* Version 1.0.0
* (C) 2014-2015 Brendan Bulik-Sullivan and Hilary Finucane
* Broad Institute of MIT and Harvard / MIT Department of Mathematics
* GNU General Public License v3
*********************************************************************
Call: 
./ldsc.py \
--print-snps list.txt \
--ld-wind-cm 1.0 \
--out LDscore.5 \
--bfile ../plink_files/1000G.EUR.QC.5 \
--l2  

Beginning analysis at Wed Apr 27 10:40:15 2016
Read list of 633015 SNPs from ../plink_files/1000G.EUR.QC.5.bim
Read list of 489 individuals from ../plink_files/1000G.EUR.QC.5.fam
Reading genotypes from ../plink_files/1000G.EUR.QC.5.bed
Estimating LD Score.
Reading list of 1217311 SNPs for which to print LD Scores from list.txt
After merging with --print-snps, LD Scores for 75164 SNPs will be printed.
Writing LD Scores for 75164 SNPs to LDscore.5.l2.ldscore.gz

Summary of LD Scores in LDscore.5.l2.ldscore.gz
        MAF        L2
mean  0.237   131.293
std   0.142   128.393
min   0.005    -1.188
25%   0.112    53.413
50%   0.228    96.016
75%   0.357   165.818
max   0.500  1898.344

MAF/LD Score Correlation Matrix
       MAF     L2
MAF  1.000  0.163
L2   0.163  1.000
Analysis finished at Wed Apr 27 10:51:41 2016
Total time elapsed: 11.0m:25.51s
