*********************************************************************
* LD Score Regression (LDSC)
* Version 1.0.0
* (C) 2014-2015 Brendan Bulik-Sullivan and Hilary Finucane
* Broad Institute of MIT and Harvard / MIT Department of Mathematics
* GNU General Public License v3
*********************************************************************
Call: 
./ldsc.py \
--print-snps list.txt \
--ld-wind-cm 1.0 \
--out LDscore.22 \
--bfile ../plink_files/1000G.EUR.QC.22 \
--l2  

Beginning analysis at Wed Apr 27 10:40:35 2016
Read list of 141123 SNPs from ../plink_files/1000G.EUR.QC.22.bim
Read list of 489 individuals from ../plink_files/1000G.EUR.QC.22.fam
Reading genotypes from ../plink_files/1000G.EUR.QC.22.bed
Estimating LD Score.
Reading list of 1217311 SNPs for which to print LD Scores from list.txt
After merging with --print-snps, LD Scores for 17489 SNPs will be printed.
Writing LD Scores for 17489 SNPs to LDscore.22.l2.ldscore.gz

Summary of LD Scores in LDscore.22.l2.ldscore.gz
        MAF       L2
mean  0.237   90.622
std   0.143   82.864
min   0.005    0.840
25%   0.109   36.443
50%   0.228   62.995
75%   0.358  116.410
max   0.500  601.786

MAF/LD Score Correlation Matrix
       MAF     L2
MAF  1.000  0.138
L2   0.138  1.000
Analysis finished at Wed Apr 27 10:42:29 2016
Total time elapsed: 1.0m:54.38s
